[LOG] System::create                           : Header version = 2.01.11. Current version = 2.01.11.
[LOG] Manager::init                            : maxchannels = 256 studioflags = 00000006 flags 00000000 extradriverdata 0000000000000000.
[LOG] SystemI::init                            : Initialize version=20111 (118066), maxchannels=256, flags=0x00020000
[LOG] SystemI::setOutputInternal               : Setting output to 'FMOD WASAPI Output'
[LOG] OutputWASAPI::init                       : Mix Format (WAVEFORMATEX): wFormatTag=0xFFFE, nChannels=2, nSamplesPerSec=48000, nAvgBytesPerSec=384000, nBlockAlign=8, wBitsPerSample=32, cbSize=22.
[LOG] OutputWASAPI::init                       : Mix Format (WAVEFORMATEXTENSIBLE): wValidBitsPerSample=32, dwChannelMask=0x00000003, SubFormat=00000003-0000-0010-8000-00AA00389B71.
[LOG] OutputWASAPI::init                       : Output buffer size: 4096 samples, latency: 0.00ms, period: 10.00ms, DSP buffer: 1024 * 4
[LOG] Thread::initThread                       : Init FMOD stream thread. Affinity: 0x8000000000000003, Priority: 0xFFFF7FFB, Stack Size: 98304, Semaphore: No, Sleep Time: 10, Looping: Yes.
[LOG] Thread::initThread                       : Init FMOD mixer thread. Affinity: 0x8000000000000001, Priority: 0xFFFF7FFA, Stack Size: 81920, Semaphore: No, Sleep Time: 0, Looping: Yes.
[LOG] AsyncManager::init                       : manager 000001CB43AD1238 isAsync 0 updatePeriod 0.02
[LOG] AsyncManager::init                       : done
[LOG] PlaybackSystem::init                     : 
[LOG] Thread::initThread                       : Init FMOD Studio sample load thread. Affinity: 0x8000000000000003, Priority: 0xFFFF7FFD, Stack Size: 98304, Semaphore: No, Sleep Time: 1, Looping: No.
[LOG] PlaybackSystem::init                     : done
[LOG] Thread::initThread                       : Init FMOD Studio bank load thread. Affinity: 0x8000000000000003, Priority: 0xFFFF7FFD, Stack Size: 98304, Semaphore: No, Sleep Time: 1, Looping: No.
[LOG] Manager::init                            : done.
[LOG] Manager::readBank                        : fileversion = 135, compatVersion = 132 (oldest = 44, newest = 135)
[LOG] Manager::readBank                        : fileversion = 135, compatVersion = 132 (oldest = 44, newest = 135)
[LOG] Manager::readBank                        : fileversion = 135, compatVersion = 132 (oldest = 44, newest = 135)
[LOG] PlaybackSystem::acquireMasterBus         : Setting master channel group format to 3
[LOG] Manager::readBank                        : fileversion = 135, compatVersion = 132 (oldest = 44, newest = 135)
[LOG] Manager::readBank                        : fileversion = 135, compatVersion = 132 (oldest = 44, newest = 135)
[LOG] Manager::readBank                        : fileversion = 135, compatVersion = 132 (oldest = 44, newest = 135)
[LOG] PlaybackSystem::acquireMasterBus         : Setting master channel group format to 3
[LOG] AsyncThread::threadFunc                  : Starting Asynchronous operation on sound 000001CA27F113E8
[LOG] AsyncThread::threadFunc                  : Finished Asynchronous operation on sound 000001CA27F113E8
[LOG] SystemI::createSound                     : filename = ../ProyectoSonido/Build/Desktop/Master.bank : mode 02010082
[LOG] SystemI::createSound                     : FMOD_NONBLOCKING specified.  Putting into queue to be opened asynchronously!
[LOG] SystemI::createSound                     : setdata soundi = 000001CA25BF60C8 : node = 000001CB41F39270
[LOG] SystemI::createSound                     : add node to async list : head = 000001CAEE1F00F8.  list count = 0
[LOG] AsyncThread::threadFunc                  : Starting Asynchronous operation on sound 000001CA25BF60C8
[LOG] SystemI::createSoundInternal             :     Create name='../ProyectoSonido/Build/Desktop/Master.bank', mode=0x02010082
[LOG] SystemI::createSoundInternal             :     exinfo->cbsize             = 224
[LOG] SystemI::createSoundInternal             :     exinfo->length             = 4814688
[LOG] SystemI::createSoundInternal             :     exinfo->fileoffset         = 27392
[LOG] SystemI::createSoundInternal             :     exinfo->numsubsounds       = 1
[LOG] SystemI::createSoundInternal             :     exinfo->inclusionlist      = 000001CB41F39380
[LOG] SystemI::createSoundInternal             :     exinfo->inclusionlistnum   = 1
[LOG] SystemI::createSoundInternal             :     exinfo->suggestedsoundtype = 5
[LOG] SystemI::createSoundInternal             :     exinfo->initialseekpostype = 1
[LOG] SystemI::createSoundInternal             :     Stream 0/1: name='Impresora', format=5, channels=2, frequency=48000, lengthbytes=214624, lengthpcm=845113, pcmblocksize=0, loopstart=0, loopend=0, mode=0x00000000, channelmask=0x00000000, channelorder=0, peakvolume=0.456451.
[LOG] AsyncThread::threadFunc                  : Finished Asynchronous operation on sound 000001CA25BF60C8
[LOG] SystemI::createSoundInternal             : Create name='', mode=0x02000202
[LOG] SystemI::createSoundInternal             : exinfo->cbsize             = 224
[LOG] SystemI::createSoundInternal             : exinfo->length             = 4814688
[LOG] SystemI::createSoundInternal             : exinfo->fileoffset         = 27392
[LOG] SystemI::createSoundInternal             : exinfo->numsubsounds       = 1
[LOG] SystemI::createSoundInternal             : exinfo->inclusionlist      = 00000063843FF5F8
[LOG] SystemI::createSoundInternal             : exinfo->inclusionlistnum   = 1
[LOG] SystemI::createSoundInternal             : exinfo->suggestedsoundtype = 5
[LOG] SystemI::createSoundInternal             : exinfo->useropen           = 00007FF89BEB60E0
[LOG] SystemI::createSoundInternal             : exinfo->userclose          = 00007FF89BEB60B0
[LOG] SystemI::createSoundInternal             : exinfo->userread           = 00007FF89BEB61B0
[LOG] SystemI::createSoundInternal             : exinfo->userseek           = 00007FF89BEB6270
[LOG] SystemI::createSoundInternal             : exinfo->fileuserdata       = 000001CADDBEF278
[LOG] SystemI::createSoundInternal             : exinfo->initialseekpostype = 1
[LOG] SystemI::DSPCodecPoolRegister            : register codec pool for pool type 5
[LOG] SystemI::createSoundInternal             : Sample 0/1: name='Rummage2', format=5, channels=2, frequency=48000, lengthbytes=11968, lengthpcm=41377, pcmblocksize=0, loopstart=0, loopend=0, mode=0x00000000, channelmask=0x00000000, channelorder=0, peakvolume=0.506012.
[LOG] SystemI::createSoundInternal             : Create name='', mode=0x02000202
[LOG] SystemI::createSoundInternal             : exinfo->cbsize             = 224
[LOG] SystemI::createSoundInternal             : exinfo->length             = 4814688
[LOG] SystemI::createSoundInternal             : exinfo->fileoffset         = 27392
[LOG] SystemI::createSoundInternal             : exinfo->numsubsounds       = 1
[LOG] SystemI::createSoundInternal             : exinfo->inclusionlist      = 00000063843FF5F8
[LOG] SystemI::createSoundInternal             : exinfo->inclusionlistnum   = 1
[LOG] SystemI::createSoundInternal             : exinfo->suggestedsoundtype = 5
[LOG] SystemI::createSoundInternal             : exinfo->useropen           = 00007FF89BEB60E0
[LOG] SystemI::createSoundInternal             : exinfo->userclose          = 00007FF89BEB60B0
[LOG] SystemI::createSoundInternal             : exinfo->userread           = 00007FF89BEB61B0
[LOG] SystemI::createSoundInternal             : exinfo->userseek           = 00007FF89BEB6270
[LOG] SystemI::createSoundInternal             : exinfo->fileuserdata       = 000001CADDBEF278
[LOG] SystemI::createSoundInternal             : exinfo->initialseekpostype = 1
[LOG] SystemI::DSPCodecPoolRegister            : register codec pool for pool type 5
[LOG] SystemI::createSoundInternal             : Sample 0/1: name='Rummage1', format=5, channels=2, frequency=48000, lengthbytes=15200, lengthpcm=55170, pcmblocksize=0, loopstart=0, loopend=0, mode=0x00000000, channelmask=0x00000000, channelorder=0, peakvolume=0.187622.
[LOG] SystemI::createSound                     : filename = ../ProyectoSonido/Build/Desktop/Master.bank : mode 02010082
[LOG] SystemI::createSound                     : FMOD_NONBLOCKING specified.  Putting into queue to be opened asynchronously!
[LOG] SystemI::createSound                     : setdata soundi = 000001CA29B09AB8 : node = 000001CB4228EAE0
[LOG] SystemI::createSound                     : add node to async list : head = 000001CAEE1F00F8.  list count = 0
[LOG] AsyncThread::threadFunc                  : Starting Asynchronous operation on sound 000001CA29B09AB8
[LOG] SystemI::createSoundInternal             :     Create name='../ProyectoSonido/Build/Desktop/Master.bank', mode=0x02010082
[LOG] SystemI::createSoundInternal             :     exinfo->cbsize             = 224
[LOG] SystemI::createSoundInternal             :     exinfo->length             = 4814688
[LOG] SystemI::createSoundInternal             :     exinfo->fileoffset         = 27392
[LOG] SystemI::createSoundInternal             :     exinfo->numsubsounds       = 1
[LOG] SystemI::createSoundInternal             :     exinfo->inclusionlist      = 000001CB4228EBF0
[LOG] SystemI::createSoundInternal             :     exinfo->inclusionlistnum   = 1
[LOG] SystemI::createSoundInternal             :     exinfo->suggestedsoundtype = 5
[LOG] SystemI::createSoundInternal             :     exinfo->initialseekpostype = 1
[LOG] SystemI::createSoundInternal             :     Stream 0/1: name='Impresora', format=5, channels=2, frequency=48000, lengthbytes=214624, lengthpcm=845113, pcmblocksize=0, loopstart=0, loopend=0, mode=0x00000000, channelmask=0x00000000, channelorder=0, peakvolume=0.456451.
[LOG] AsyncThread::threadFunc                  : Finished Asynchronous operation on sound 000001CA29B09AB8
[LOG] SoundI::release                          : Impresora (000001CA25BF60C8)
[LOG] SoundI::release                          :     Impresora (000001CB41F350C8)
[LOG] SoundI::release                          :     Impresora (000001CA25BF6278)
[LOG] SystemI::createSound                     : filename = ../ProyectoSonido/Build/Desktop/Master.bank : mode 02010082
[LOG] SystemI::createSound                     : FMOD_NONBLOCKING specified.  Putting into queue to be opened asynchronously!
[LOG] SystemI::createSound                     : setdata soundi = 000001CB468A1458 : node = 000001CB4228ED60
[LOG] SystemI::createSound                     : add node to async list : head = 000001CAEE1F00F8.  list count = 0
[LOG] AsyncThread::threadFunc                  : Starting Asynchronous operation on sound 000001CB468A1458
[LOG] SystemI::createSoundInternal             :     Create name='../ProyectoSonido/Build/Desktop/Master.bank', mode=0x02010082
[LOG] SystemI::createSoundInternal             :     exinfo->cbsize             = 224
[LOG] SystemI::createSoundInternal             :     exinfo->length             = 4814688
[LOG] SystemI::createSoundInternal             :     exinfo->fileoffset         = 27392
[LOG] SystemI::createSoundInternal             :     exinfo->numsubsounds       = 1
[LOG] SystemI::createSoundInternal             :     exinfo->inclusionlist      = 000001CB4228EE70
[LOG] SystemI::createSoundInternal             :     exinfo->inclusionlistnum   = 1
[LOG] SystemI::createSoundInternal             :     exinfo->suggestedsoundtype = 5
[LOG] SystemI::createSoundInternal             :     exinfo->initialseekpostype = 1
[LOG] SystemI::createSoundInternal             :     Stream 0/1: name='Impresora', format=5, channels=2, frequency=48000, lengthbytes=214624, lengthpcm=845113, pcmblocksize=0, loopstart=0, loopend=0, mode=0x00000000, channelmask=0x00000000, channelorder=0, peakvolume=0.456451.
[LOG] AsyncThread::threadFunc                  : Finished Asynchronous operation on sound 000001CB468A1458
[LOG] SoundI::release                          : Impresora (000001CA29B09AB8)
[LOG] SoundI::release                          :     Impresora (000001CB42B80808)
[LOG] SoundI::release                          :     Impresora (000001CB41C69C38)
[LOG] SystemI::createSound                     : filename = ../ProyectoSonido/Build/Desktop/Master.bank : mode 02010082
[LOG] SystemI::createSound                     : FMOD_NONBLOCKING specified.  Putting into queue to be opened asynchronously!
[LOG] SystemI::createSound                     : setdata soundi = 000001CB468A17B8 : node = 000001CB4228EAE0
[LOG] SystemI::createSound                     : add node to async list : head = 000001CAEE1F00F8.  list count = 0
[LOG] AsyncThread::threadFunc                  : Starting Asynchronous operation on sound 000001CB468A17B8
[LOG] SystemI::createSoundInternal             :     Create name='../ProyectoSonido/Build/Desktop/Master.bank', mode=0x02010082
[LOG] SystemI::createSoundInternal             :     exinfo->cbsize             = 224
[LOG] SystemI::createSoundInternal             :     exinfo->length             = 4814688
[LOG] SystemI::createSoundInternal             :     exinfo->fileoffset         = 27392
[LOG] SystemI::createSoundInternal             :     exinfo->numsubsounds       = 1
[LOG] SystemI::createSoundInternal             :     exinfo->inclusionlist      = 000001CB4228EBF0
[LOG] SystemI::createSoundInternal             :     exinfo->inclusionlistnum   = 1
[LOG] SystemI::createSoundInternal             :     exinfo->suggestedsoundtype = 5
[LOG] SystemI::createSoundInternal             :     exinfo->initialseekpostype = 1
[LOG] SystemI::createSoundInternal             :     Stream 0/1: name='Impresora', format=5, channels=2, frequency=48000, lengthbytes=214624, lengthpcm=845113, pcmblocksize=0, loopstart=0, loopend=0, mode=0x00000000, channelmask=0x00000000, channelorder=0, peakvolume=0.456451.
[LOG] AsyncThread::threadFunc                  : Finished Asynchronous operation on sound 000001CB468A17B8
[LOG] SoundI::release                          : Impresora (000001CB468A1458)
[LOG] SoundI::release                          :     Impresora (000001CB42B809A8)
[LOG] SoundI::release                          :     Impresora (000001CB41C69A88)
[LOG] SoundI::release                          : SonidoTele (000001CADE2A0DE8)
[LOG] SoundI::release                          :     SonidoTele (000001CB474C13E8)
[LOG] SoundI::release                          :     SonidoTele (000001CA27F11598)
[LOG] SoundI::release                          : Impresora (000001CB468A17B8)
[LOG] SoundI::release                          :     Impresora (000001CB42B80668)
[LOG] SoundI::release                          :     Impresora (000001CB41C69728)
[LOG] SoundI::release                          : Pajaros (000001CADE29BB38)
[LOG] SoundI::release                          :     Pajaros (000001CB4A652888)
[LOG] SoundI::release                          :     Pajaros (000001CA27F11238)
[LOG] SoundI::release                          : Wind (000001CADE29B478)
[LOG] SoundI::release                          :     Wind (000001CB4A652548)
[LOG] SoundI::release                          :     Wind (000001CB41FF9768)
[LOG] SoundI::release                          : Pajaros (000001CADE299E88)
[LOG] SoundI::release                          :     Pajaros (000001CB4A6523A8)
[LOG] SoundI::release                          :     Pajaros (000001CA27F113E8)
[LOG] SoundI::release                          :  (000001CA29504D48)
[LOG] SoundI::release                          :     Rummage1 (000001CB41F34D88)
[LOG] SoundI::release                          :  (000001CA29506168)
[LOG] SoundI::release                          :     Rummage2 (000001CB41F35268)
[LOG] SoundI::release                          :  (000001CAEE448E38)
[LOG] SoundI::release                          :     MotorCoche (000001CA2AC1F078)
[LOG] SoundI::release                          :  (000001CAEE44E198)
[LOG] SoundI::release                          :     Ordenador (000001CA2AC1F898)
[LOG] Thread::callback                         : FMOD Studio update thread finished.
[LOG] Thread::callback                         : FMOD Studio bank load thread finished.
[LOG] Profile::disconnectAll                   : Profiler disconnecting all clients
[LOG] Thread::callback                         : FMOD Studio sample load thread finished.
[LOG] LiveUpdate::release                      : 
[LOG] LiveUpdate::reset                        : Reset connection (reason Disconnected)
[LOG] Thread::callback                         : FMOD stream thread finished.
[LOG] Thread::callback                         : FMOD mixer thread finished.
[LOG] Profile::disconnectAll                   : Profiler disconnecting all clients
[LOG] SystemI::close                           : Closed.
